<?xml version="1.0" encoding="UTF-8"?>
<testng-results ignored="0" total="2" passed="2" failed="0" skipped="0">
  <reporter-output>
  </reporter-output>
  <suite started-at="2022-05-30T22:23:23 IST" name="All Test Suite" finished-at="2022-05-30T22:23:44 IST" duration-ms="20791">
    <groups>
    </groups>
    <test started-at="2022-05-30T22:23:23 IST" name="D:/Projects/E2Eproject" finished-at="2022-05-30T22:23:44 IST" duration-ms="20791">
      <class name="E2Eproject.HomePage">
        <test-method is-config="true" signature="initialise()[pri:0, instance:E2Eproject.HomePage@413f69cc]" started-at="2022-05-30T22:23:23 IST" name="initialise" finished-at="2022-05-30T22:23:25 IST" duration-ms="1770" status="PASS">
          <reporter-output>
          </reporter-output>
        </test-method> <!-- initialise -->
        <test-method signature="homePageNavigation(java.lang.String,java.lang.String)[pri:0, instance:E2Eproject.HomePage@413f69cc]" started-at="2022-05-30T22:23:25 IST" name="homePageNavigation" data-provider="getData" finished-at="2022-05-30T22:23:38 IST" duration-ms="13386" status="PASS">
          <params>
            <param index="0">
              <value>
                <![CDATA[demo@gmail.com]]>
              </value>
            </param>
            <param index="1">
              <value>
                <![CDATA[demo]]>
              </value>
            </param>
          </params>
          <reporter-output>
          </reporter-output>
        </test-method> <!-- homePageNavigation -->
        <test-method signature="homePageNavigation(java.lang.String,java.lang.String)[pri:0, instance:E2Eproject.HomePage@413f69cc]" started-at="2022-05-30T22:23:38 IST" name="homePageNavigation" data-provider="getData" finished-at="2022-05-30T22:23:44 IST" duration-ms="5418" status="PASS">
          <params>
            <param index="0">
              <value>
                <![CDATA[demo2@gmail.com]]>
              </value>
            </param>
            <param index="1">
              <value>
                <![CDATA[demo2]]>
              </value>
            </param>
          </params>
          <reporter-output>
          </reporter-output>
        </test-method> <!-- homePageNavigation -->
        <test-method is-config="true" signature="tearDown()[pri:0, instance:E2Eproject.HomePage@413f69cc]" started-at="2022-05-30T22:23:44 IST" name="tearDown" finished-at="2022-05-30T22:23:44 IST" duration-ms="39" status="PASS">
          <reporter-output>
          </reporter-output>
        </test-method> <!-- tearDown -->
      </class> <!-- E2Eproject.HomePage -->
    </test> <!-- D:/Projects/E2Eproject -->
  </suite> <!-- All Test Suite -->
</testng-results>
