<?xml version="1.0" encoding="UTF-8"?>
<testng-results ignored="0" total="2" passed="2" failed="0" skipped="0">
  <reporter-output>
  </reporter-output>
  <suite started-at="2022-03-25T22:24:38 IST" name="All Test Suite" finished-at="2022-03-25T22:25:57 IST" duration-ms="78777">
    <groups>
    </groups>
    <test started-at="2022-03-25T22:24:38 IST" name="D:/Projects/E2Eproject" finished-at="2022-03-25T22:25:57 IST" duration-ms="78777">
      <class name="E2Eproject.HomePage">
        <test-method is-config="true" signature="initialise()[pri:0, instance:E2Eproject.HomePage@43b9fd5]" started-at="2022-03-25T22:24:38 IST" name="initialise" finished-at="2022-03-25T22:24:40 IST" duration-ms="1625" status="PASS">
          <reporter-output>
          </reporter-output>
        </test-method> <!-- initialise -->
        <test-method signature="homePageNavigation(java.lang.String,java.lang.String)[pri:0, instance:E2Eproject.HomePage@43b9fd5]" started-at="2022-03-25T22:24:40 IST" name="homePageNavigation" data-provider="getData" finished-at="2022-03-25T22:24:54 IST" duration-ms="14276" status="PASS">
          <params>
            <param index="0">
              <value>
                <![CDATA[demo@gmail.com]]>
              </value>
            </param>
            <param index="1">
              <value>
                <![CDATA[demo]]>
              </value>
            </param>
          </params>
          <reporter-output>
          </reporter-output>
        </test-method> <!-- homePageNavigation -->
        <test-method signature="homePageNavigation(java.lang.String,java.lang.String)[pri:0, instance:E2Eproject.HomePage@43b9fd5]" started-at="2022-03-25T22:24:54 IST" name="homePageNavigation" data-provider="getData" finished-at="2022-03-25T22:25:57 IST" duration-ms="62767" status="PASS">
          <params>
            <param index="0">
              <value>
                <![CDATA[demo2@gmail.com]]>
              </value>
            </param>
            <param index="1">
              <value>
                <![CDATA[demo2]]>
              </value>
            </param>
          </params>
          <reporter-output>
          </reporter-output>
        </test-method> <!-- homePageNavigation -->
        <test-method is-config="true" signature="tearDown()[pri:0, instance:E2Eproject.HomePage@43b9fd5]" started-at="2022-03-25T22:25:57 IST" name="tearDown" finished-at="2022-03-25T22:25:57 IST" duration-ms="60" status="PASS">
          <reporter-output>
          </reporter-output>
        </test-method> <!-- tearDown -->
      </class> <!-- E2Eproject.HomePage -->
    </test> <!-- D:/Projects/E2Eproject -->
  </suite> <!-- All Test Suite -->
</testng-results>
